Arguments: 
  C:\Program Files\nodejs\node.exe C:\Users\14911\.node\corepack\yarn\1.22.15\bin\yarn.js add jest @type/jest --dev

PATH: 
  D:\Program\Anaconda\condabin;D:\Program Files (x86)\VMware\VMware Workstation\bin\;C:\Windows\system32;C:\Windows;C:\Windows\System32\Wbem;C:\Windows\System32\WindowsPowerShell\v1.0\;C:\Windows\System32\OpenSSH\;C:\Program Files (x86)\NVIDIA Corporation\PhysX\Common;C:\Program Files\NVIDIA Corporation\NVIDIA NvDLISR;C:\Program Files\Microsoft SQL Server\130\Tools\Binn\;C:\Program Files\Microsoft SQL Server\Client SDK\ODBC\170\Tools\Binn\;%QUARTUS_ROOTDIR%\bin;C:\ProgramData\chocolatey\bin;C:\Program Files (x86)\Microsoft SQL Server\150\Tools\Binn\;C:\Program Files\Microsoft SQL Server\150\Tools\Binn\;C:\Program Files\Microsoft SQL Server\150\DTS\Binn\;C:\Program Files\Azure Data Studio\bin;D:\Program\Anaconda\Scripts;D:\Program Files (x86)\NetSarang\Xftp 7\;D:\Program Files (x86)\NetSarang\Xshell 7\;D:\Program Files (x86)\.jdks\openjdk-16.0.1\bin\;D:\Program Files\MySQL\MySQL Server 8.0\bin;D:\Program\Typora;D:\Program Files (x86)\Tencent\WeChat;C:\Program Files\Git\cmd;C:\Users\14911\apache-maven-3.8.1\bin;D:\Program Files\Go\bin;C:\Program Files\dotnet\;D:\Program Files\Redis\;C:\Mingw64\bin;C:\Program Files (x86)\Microsoft\Edge\Application;C:\Users\14911\AppData\Local\Programs\Microsoft VS Code\bin;C:\Users\14911\go\pkg\mod\github.com\tal-tech\go-zero@v1.2.3\tools\goctl\;D:\Program\Anaconda;D:\Program Files (x86)\ffmpeg-master-latest-win64-gpl\bin;C:\Users\14911\AppData\Roaming\nvm;C:\Program Files\nodejs;C:\Program Files\Docker\Docker\resources\bin;C:\ProgramData\DockerDesktop\version-bin;C:\Users\14911\.cargo\bin;C:\Users\14911\AppData\Local\Microsoft\WindowsApps;D:\Program\Bandzip\;D:\Program\PyCharm Community Edition 2020.3\bin;D:\Program Files\JetBrains\IntelliJ IDEA Community Edition 2021.1\bin;C:\Users\14911\.dotnet\tools;D:\Program Files\JetBrains\IntelliJ IDEA 2021.2.1\bin;D:\Program Files\JetBrains\GoLand 2021.2.3\bin;D:\Program Files (x86)\Nmap;D:\Program Files (x86)\Nmap;C:\Users\14911\AppData\Roaming\nvm;C:\Program Files\nodejs;D:\Program Files\JetBrains\CLion 2021.3.3\bin;D:\Program Files\JetBrains\WebStorm 2021.3.2\bin

Yarn version: 
  1.22.15

Node version: 
  14.19.0

Platform: 
  win32 x64

Trace: 
  Error: https://registry.npm.taobao.org/@type%2fjest: [NOT_FOUND] @type/jest not found
      at Request.params.callback [as _callback] (C:\Users\14911\.node\corepack\yarn\1.22.15\lib\cli.js:66140:18)
      at Request.self.callback (C:\Users\14911\.node\corepack\yarn\1.22.15\lib\cli.js:140885:22)
      at Request.emit (events.js:400:28)
      at Request.<anonymous> (C:\Users\14911\.node\corepack\yarn\1.22.15\lib\cli.js:141857:10)
      at Request.emit (events.js:400:28)
      at Gunzip.<anonymous> (C:\Users\14911\.node\corepack\yarn\1.22.15\lib\cli.js:141779:12)
      at Object.onceWrapper (events.js:519:28)
      at Gunzip.emit (events.js:400:28)
      at endReadableNT (internal/streams/readable.js:1334:12)
      at processTicksAndRejections (internal/process/task_queues.js:82:21)

npm manifest: 
  {
    "name": "guide_mini_vue",
    "version": "1.0.0",
    "main": "index.js",
    "license": "MIT",
    "devDependencies": {
      "typescript": "^4.6.3"
    }
  }

yarn manifest: 
  No manifest

Lockfile: 
  # THIS IS AN AUTOGENERATED FILE. DO NOT EDIT THIS FILE DIRECTLY.
  # yarn lockfile v1
  
  
  typescript@^4.6.3:
    version "4.6.3"
    resolved "https://registry.npmmirror.com/typescript/-/typescript-4.6.3.tgz#eefeafa6afdd31d725584c67a0eaba80f6fc6c6c"
    integrity sha512-yNIatDa5iaofVozS/uQJEl3JRWLKKGJKh6Yaiv0GLGSuhpFJe7P3SbHZ8/yjAHRQwKRoA6YZqlfjXWmVzoVSMw==
